================================Erreur de script================================
Message :
divided by 0

Type : ZeroDivisionError
Script : 5_Battle_10_Move.rb (PSDK)
Ligne : 5508
Date : 06/05/2026 18:53:57
Game Version : 1
Logiciel : PSDK 26.55
===================================Backtraces===================================
[30] : 5_Battle_10_Move.rb (PSDK) | ligne 5508 /
[29] : 5_Battle_10_Move.rb (PSDK) | ligne 5508 real_base_power
[28] : 5_Battle_30_AI.rb (PSDK) | ligne 394 move_power
[27] : 5_Battle_30_AI.rb (PSDK) | ligne 367 move_heuristic
[26] : 5_Battle_30_AI.rb (PSDK) | ligne 353 move_action_for
[25] : 5_Battle_30_AI.rb (PSDK) | ligne 352 map
[24] : 5_Battle_30_AI.rb (PSDK) | ligne 352 move_action_for
[23] : 5_Battle_30_AI.rb (PSDK) | ligne 284 battle_action_for
[22] : 5_Battle_30_AI.rb (PSDK) | ligne 284 map
[21] : 5_Battle_30_AI.rb (PSDK) | ligne 284 battle_action_for
[20] : 5_Battle_30_AI.rb (PSDK) | ligne 251 trigger
[19] : 5_Battle_30_AI.rb (PSDK) | ligne 248 each
[18] : 5_Battle_30_AI.rb (PSDK) | ligne 248 flat_map
[17] : 5_Battle_30_AI.rb (PSDK) | ligne 248 trigger
[16] : 5_Battle_01_Scene.rb (PSDK) | ligne 461 trigger_all_AI
[15] : 5_Battle_01_Scene.rb (PSDK) | ligne 455 each
[14] : 5_Battle_01_Scene.rb (PSDK) | ligne 455 each_with_index
[13] : 5_Battle_01_Scene.rb (PSDK) | ligne 455 trigger_all_AI
[12] : 5_Battle_01_Scene.rb (PSDK) | ligne 72 next_update_process
[11] : 5_Battle_01_Scene.rb (PSDK) | ligne 64 update
[10] : 4_Systems_000_General_2_GamePlay__Base.rb (PSDK) | ligne 236 main_process
[9] : 4_Systems_000_General_2_GamePlay__Base.rb (PSDK) | ligne 144 main
[8] : tools/GameLoader/Z_main.rb (PSDK) | ligne 16 <top (required)>
[7] : tools/GameLoader/3_load_extensions.rb (PSDK) | ligne 53 rgss_main
[6] : tools/GameLoader/50_load_game_uncompiled.rb (PSDK) | ligne 53 <top (required)>
[5] : ScriptLoad.rb (PSDK) | ligne 198 require
[4] : ScriptLoad.rb (PSDK) | ligne 198 load_tool
[3] : tools/GameLoader/Z_load_uncompiled.rb (PSDK) | ligne 17 <top (required)>
[2] : ScriptLoad.rb (PSDK) | ligne 198 require
[1] : ScriptLoad.rb (PSDK) | ligne 198 load_tool
[0] : Game.rb (RMXP) | ligne 11 <main>
===================================Fin du log===================================